-------------------------------------------------------------------------------
Test set: com.cattle.login.LoginTest
-------------------------------------------------------------------------------
Tests run: 1, Failures: 0, Errors: 1, Skipped: 0, Time elapsed: 26.78 sec <<< FAILURE!
loginTest(com.cattle.login.LoginTest)  Time elapsed: 26.719 sec  <<< ERROR!
org.openqa.selenium.StaleElementReferenceException: Element not found in the cache - perhaps the page has changed since it was looked up
Command duration or timeout: 14 milliseconds
For documentation on this error, please visit: http://seleniumhq.org/exceptions/stale_element_reference.html
Build info: version: '2.39.0', revision: '14fa800511cc5d66d426e08b0b2ab926c7ed7398', time: '2013-12-16 13:18:38'
System info: host: 'rchunduri', ip: '172.16.101.243', os.name: 'Windows 7', os.arch: 'x86', os.version: '6.1', java.version: '1.7.0_40'
Session ID: fe11f181-39a2-46bc-8203-330d008e3d4d
Driver info: org.openqa.selenium.firefox.FirefoxDriver
Capabilities [{platform=XP, acceptSslCerts=true, javascriptEnabled=true, cssSelectorsEnabled=true, databaseEnabled=true, browserName=firefox, handlesAlerts=true, browserConnectionEnabled=true, webStorageEnabled=true, nativeEvents=false, rotatable=false, locationContextEnabled=true, applicationCacheEnabled=true, takesScreenshot=true, version=27.0.1}]
	at <anonymous class>.fxdriver.cache.getElementAt(resource://fxdriver/modules/web_element_cache.js:7584)
	at <anonymous class>.Utils.getElementAt(file:///C:/Users/RCHUND~1/AppData/Local/Temp/anonymous6604686858880250158webdriver-profile/extensions/fxdriver@googlecode.com/components/command_processor.js:7197)
	at <anonymous class>.fxdriver.preconditions.visible(file:///C:/Users/RCHUND~1/AppData/Local/Temp/anonymous6604686858880250158webdriver-profile/extensions/fxdriver@googlecode.com/components/command_processor.js:8177)
	at <anonymous class>.DelayedCommand.prototype.checkPreconditions_(file:///C:/Users/RCHUND~1/AppData/Local/Temp/anonymous6604686858880250158webdriver-profile/extensions/fxdriver@googlecode.com/components/command_processor.js:10814)
	at <anonymous class>.DelayedCommand.prototype.executeInternal_/h(file:///C:/Users/RCHUND~1/AppData/Local/Temp/anonymous6604686858880250158webdriver-profile/extensions/fxdriver@googlecode.com/components/command_processor.js:10831)
	at <anonymous class>.DelayedCommand.prototype.executeInternal_(file:///C:/Users/RCHUND~1/AppData/Local/Temp/anonymous6604686858880250158webdriver-profile/extensions/fxdriver@googlecode.com/components/command_processor.js:10836)
	at <anonymous class>.DelayedCommand.prototype.execute/<(file:///C:/Users/RCHUND~1/AppData/Local/Temp/anonymous6604686858880250158webdriver-profile/extensions/fxdriver@googlecode.com/components/command_processor.js:10778)

